
           ___      .______        ______  __    __  .______      
          /   \     |   _  \      /      ||  |  |  | |   _  \     
         /  ^  \    |  |_)  |    |  ,----'|  |__|  | |  |_)  |    
        /  /_\  \   |      /     |  |     |   __   | |      /     
       /  _____  \  |  |\  \\___ |  `----.|  |  |  | |  |\  \\___.
      /__/     \__\ | _| `._____| \______||__|  |__| | _| `._____|
    
Logging With ArchR!

Start Time : 2024-03-27 13:58:43.631793

------- ArchR Info

ArchRThreads = 20

------- System Info

Computer OS = unix
Total Cores = 40

------- Session Info

R version 4.3.1 (2023-06-16)
Platform: x86_64-pc-linux-gnu (64-bit)
Running under: Rocky Linux 8.7 (Green Obsidian)

Matrix products: default
BLAS/LAPACK: /sfs/applications/202312/software/standard/compiler/gcc/11.4.0/openblas/0.3.21/lib/libopenblas_sandybridgep-r0.3.21.so;  LAPACK version 3.9.0

Random number generation:
 RNG:     L'Ecuyer-CMRG 
 Normal:  Inversion 
 Sample:  Rejection 
 
locale:
 [1] LC_CTYPE=en_US.UTF-8       LC_NUMERIC=C              
 [3] LC_TIME=en_US.UTF-8        LC_COLLATE=en_US.UTF-8    
 [5] LC_MONETARY=en_US.UTF-8    LC_MESSAGES=en_US.UTF-8   
 [7] LC_PAPER=en_US.UTF-8       LC_NAME=C                 
 [9] LC_ADDRESS=C               LC_TELEPHONE=C            
[11] LC_MEASUREMENT=en_US.UTF-8 LC_IDENTIFICATION=C       

time zone: America/New_York
tzcode source: system (glibc)

attached base packages:
 [1] parallel  stats4    grid      stats     graphics  grDevices utils    
 [8] datasets  methods   base     

other attached packages:
 [1] rhdf5_2.46.1                SummarizedExperiment_1.32.0
 [3] Biobase_2.62.0              MatrixGenerics_1.14.0      
 [5] Rcpp_1.0.12                 Matrix_1.6-4               
 [7] GenomicRanges_1.54.1        GenomeInfoDb_1.38.5        
 [9] IRanges_2.36.0              S4Vectors_0.40.2           
[11] BiocGenerics_0.48.1         matrixStats_1.2.0          
[13] data.table_1.14.10          stringr_1.5.1              
[15] plyr_1.8.9                  magrittr_2.0.3             
[17] ggplot2_3.5.0               gtable_0.3.4               
[19] gtools_3.9.5                gridExtra_2.3              
[21] ArchR_1.0.2                 BARTsc_0.0.0.9000          
[23] testthat_3.2.0              devtools_2.4.5             
[25] usethis_2.2.2              

loaded via a namespace (and not attached):
  [1] RcppAnnoy_0.0.21        splines_4.3.1           later_1.3.2            
  [4] bitops_1.0-7            tibble_3.2.1            polyclip_1.10-6        
  [7] fastDummies_1.7.3       lifecycle_1.0.4         rprojroot_2.0.4        
 [10] globals_0.16.2          lattice_0.22-5          MASS_7.3-60            
 [13] plotly_4.10.3           remotes_2.4.2.1         httpuv_1.6.13          
 [16] Seurat_5.0.1            sctransform_0.4.1       spam_2.10-0            
 [19] sp_2.1-1                sessioninfo_1.2.2       pkgbuild_1.4.3         
 [22] spatstat.sparse_3.0-3   reticulate_1.34.0       cowplot_1.1.2          
 [25] pbapply_1.7-2           RColorBrewer_1.1-3      abind_1.4-5            
 [28] pkgload_1.3.3           zlibbioc_1.48.0         Rtsne_0.17             
 [31] purrr_1.0.2             RCurl_1.98-1.14         rappdirs_0.3.3         
 [34] GenomeInfoDbData_1.2.11 ggrepel_0.9.4           irlba_2.3.5.1          
 [37] listenv_0.9.0           spatstat.utils_3.0-4    goftest_1.2-3          
 [40] RSpectra_0.16-1         spatstat.random_3.2-2   fitdistrplus_1.1-11    
 [43] parallelly_1.36.0       leiden_0.4.3.1          codetools_0.2-19       
 [46] DelayedArray_0.28.0     tidyselect_1.2.0        spatstat.explore_3.2-5 
 [49] jsonlite_1.8.8          ellipsis_0.3.2          progressr_0.14.0       
 [52] ggridges_0.5.5          survival_3.5-7          RobustRankAggreg_1.2.1 
 [55] tools_4.3.1             ica_1.0-3               glue_1.6.2             
 [58] SparseArray_1.2.3       mgcv_1.9-0              mvnfast_0.2.8          
 [61] dplyr_1.1.4             withr_2.5.2             combinat_0.0-8         
 [64] fastmap_1.1.1           rhdf5filters_1.14.1     fansi_1.0.6            
 [67] digest_0.6.33           R6_2.5.1                mime_0.12              
 [70] colorspace_2.1-0        scattermore_1.2         Cairo_1.6-2            
 [73] tensor_1.5              spatstat.data_3.0-3     utf8_1.2.4             
 [76] tidyr_1.3.0             generics_0.1.3          httr_1.4.7             
 [79] htmlwidgets_1.6.4       S4Arrays_1.2.0          uwot_0.1.16            
 [82] pkgconfig_2.0.3         lmtest_0.9-40           XVector_0.42.0         
 [85] brio_1.1.3              htmltools_0.5.7         profvis_0.3.8          
 [88] dotCall64_1.1-0         SeuratObject_5.0.1      scales_1.3.0           
 [91] png_0.1-8               ggdendro_0.1.23         rstudioapi_0.15.0      
 [94] reshape2_1.4.4          nlme_3.1-163            cachem_1.0.8           
 [97] zoo_1.8-12              KernSmooth_2.23-22      miniUI_0.1.1.1         
[100] desc_1.4.3              pillar_1.9.0            vctrs_0.6.5            
[103] RANN_2.6.1              urlchecker_1.0.1        promises_1.2.1         
[106] gratia_0.8.2            xtable_1.8-4            cluster_2.1.6          
[109] cli_3.6.2               compiler_4.3.1          rlang_1.1.2            
[112] crayon_1.5.2            future.apply_1.11.1     fs_1.6.3               
[115] stringi_1.8.3           viridisLite_0.4.2       deldir_1.0-9           
[118] munsell_0.5.0           lazyeval_0.2.2          spatstat.geom_3.2-7    
[121] RcppHNSW_0.5.0          patchwork_1.2.0         future_1.33.1          
[124] Rhdf5lib_1.24.1         shiny_1.8.0             ROCR_1.0-11            
[127] igraph_2.0.2            memoise_2.0.1          


------- Log Info


2024-03-27 13:58:43.732149 : getMatrixFromProject Input-Parameters, Class = list

getMatrixFromProject Input-Parameters$ArchRProj: length = 1

getMatrixFromProject Input-Parameters$useMatrix: length = 1
[1] "PeakMatrix"


getMatrixFromProject Input-Parameters$useSeqnames: length = 0
NULL


getMatrixFromProject Input-Parameters$verbose: length = 1
[1] TRUE


getMatrixFromProject Input-Parameters$binarize: length = 1
[1] FALSE


getMatrixFromProject Input-Parameters$threads: length = 1
[1] 20


getMatrixFromProject Input-Parameters$logFile: length = 1
[1] "ArchRLogs/ArchR-getMatrixFromProject-6b4222840b943-Date-2024-03-27_Time-13-58-43.629254.log"


2024-03-27 13:58:44.215821 : Reading PeakMatrix : E9.5_r2(1 of 2), 0.01 mins elapsed.
2024-03-27 13:58:44.229755 : Reading PeakMatrix : E9.5_r1(2 of 2), 0.01 mins elapsed.

2024-03-27 13:58:44.29088 : getMatrixFromArrow Input-Parameters, Class = list

getMatrixFromArrow Input-Parameters$ArrowFile: length = 1
                                                                                                                    E9.5_r2 
"/sfs/gpfs/tardis/project/zanglab_project/hz9fq/toronto_project/scATAC/ArchR_workspace/GutProject/ArrowFiles/E9.5_r2.arrow" 


getMatrixFromArrow Input-Parameters$useMatrix: length = 1
[1] "PeakMatrix"


getMatrixFromArrow Input-Parameters$useSeqnames: length = 0
NULL


getMatrixFromArrow Input-Parameters$cellNames: length = 7298
[1] "E9.5_r2#CCCTAGTGTCCCTAAA-1" "E9.5_r2#CCAGAATGTTTCAGCA-1"
[3] "E9.5_r2#GAGATTCAGAAGGGCG-1" "E9.5_r2#TCAATTCCATCGAGTT-1"
[5] "E9.5_r2#AGATTCGGTTTCCGGG-1" "E9.5_r2#TTGACGATCCGGAAAG-1"


getMatrixFromArrow Input-Parameters$ArchRProj: length = 1

getMatrixFromArrow Input-Parameters$verbose: length = 1
[1] FALSE


getMatrixFromArrow Input-Parameters$binarize: length = 1
[1] FALSE


getMatrixFromArrow Input-Parameters$logFile: length = 1
[1] "ArchRLogs/ArchR-getMatrixFromProject-6b4222840b943-Date-2024-03-27_Time-13-58-43.629254.log"



2024-03-27 13:58:44.312669 : getMatrixFromArrow Input-Parameters, Class = list

getMatrixFromArrow Input-Parameters$ArrowFile: length = 1
                                                                                                                    E9.5_r1 
"/sfs/gpfs/tardis/project/zanglab_project/hz9fq/toronto_project/scATAC/ArchR_workspace/GutProject/ArrowFiles/E9.5_r1.arrow" 


getMatrixFromArrow Input-Parameters$useMatrix: length = 1
[1] "PeakMatrix"


getMatrixFromArrow Input-Parameters$useSeqnames: length = 0
NULL


getMatrixFromArrow Input-Parameters$cellNames: length = 4769
[1] "E9.5_r1#TATGTTCTCCTGTGGG-1" "E9.5_r1#AGCGATTAGATCCGAG-1"
[3] "E9.5_r1#CTAGGATCACTTTGGA-1" "E9.5_r1#GTGGATTAGAAATACC-1"
[5] "E9.5_r1#AACGGGACATGGGAAC-1" "E9.5_r1#ACCAAACTCGGTTGTA-1"


getMatrixFromArrow Input-Parameters$ArchRProj: length = 1

getMatrixFromArrow Input-Parameters$verbose: length = 1
[1] FALSE


getMatrixFromArrow Input-Parameters$binarize: length = 1
[1] FALSE


getMatrixFromArrow Input-Parameters$logFile: length = 1
[1] "ArchRLogs/ArchR-getMatrixFromProject-6b4222840b943-Date-2024-03-27_Time-13-58-43.629254.log"



2024-03-27 13:58:44.599044 : featureDF E9.5_r2, Class = DFrame
DataFrame with 225847 rows and 4 columns
       seqnames     idx     start       end
          <Rle> <array>   <array>   <array>
1          chr1       1   3062726   3063226
2          chr1       2   3071677   3072177
3          chr1       3   3165739   3166239
4          chr1       4   3191542   3192042
5          chr1       5   3203932   3204432
...         ...     ...       ...       ...
225843     chrX    4433 169922483 169922983
225844     chrX    4434 169923333 169923833
225845     chrX    4435 169925684 169926184
225846     chrX    4436 169933717 169934217
225847     chrX    4437 169954701 169955201


2024-03-27 13:58:44.654279 : featureDF E9.5_r1, Class = DFrame
DataFrame with 225847 rows and 4 columns
       seqnames     idx     start       end
          <Rle> <array>   <array>   <array>
1          chr1       1   3062726   3063226
2          chr1       2   3071677   3072177
3          chr1       3   3165739   3166239
4          chr1       4   3191542   3192042
5          chr1       5   3203932   3204432
...         ...     ...       ...       ...
225843     chrX    4433 169922483 169922983
225844     chrX    4434 169923333 169923833
225845     chrX    4435 169925684 169926184
225846     chrX    4436 169933717 169934217
225847     chrX    4437 169954701 169955201

2024-03-27 13:58:44.689291 : Getting PeakMatrix from ArrowFile : E9.5_r2.arrow, 0.007 mins elapsed.
2024-03-27 13:58:44.739025 : Getting PeakMatrix from ArrowFile : E9.5_r1.arrow, 0.007 mins elapsed.

2024-03-27 13:59:10.9288 : mat E9.5_r1, Class = dgCMatrix
mat E9.5_r1: nRows = 225847, nCols = 4769
mat E9.5_r1: NonZeroEntries = 56199527, EntryRange = [ 1 , 4 ]
5 x 5 sparse Matrix of class "dgCMatrix"
     E9.5_r1#TATGTTCTCCTGTGGG-1 E9.5_r1#AGCGATTAGATCCGAG-1
[1,]                          .                          .
[2,]                          .                          .
[3,]                          .                          .
[4,]                          .                          .
[5,]                          .                          .
     E9.5_r1#CTAGGATCACTTTGGA-1 E9.5_r1#GTGGATTAGAAATACC-1
[1,]                          .                          .
[2,]                          .                          .
[3,]                          .                          .
[4,]                          .                          .
[5,]                          .                          .
     E9.5_r1#AACGGGACATGGGAAC-1
[1,]                          .
[2,]                          .
[3,]                          .
[4,]                          .
[5,]                          1


2024-03-27 13:59:11.812973 : Organizing SE PeakMatrix from ArrowFile : E9.5_r1.arrow, 0.458 mins elapsed.

2024-03-27 13:59:13.199491 : mat E9.5_r2, Class = dgCMatrix
mat E9.5_r2: nRows = 225847, nCols = 7298
mat E9.5_r2: NonZeroEntries = 61373616, EntryRange = [ 1 , 4 ]

2024-03-27 13:59:13.66691 : se E9.5_r1, Class = RangedSummarizedExperiment
class: RangedSummarizedExperiment 
dim: 225847 4769 
5 x 5 sparse Matrix of class "dgCMatrix"
     E9.5_r2#CCCTAGTGTCCCTAAA-1 E9.5_r2#CCAGAATGTTTCAGCA-1
[1,]                          .                          .
[2,]                          .                          .
[3,]                          .                          .
[4,]                          2                          .
[5,]                          .                          .
     E9.5_r2#GAGATTCAGAAGGGCG-1 E9.5_r2#TCAATTCCATCGAGTT-1
[1,]                          .                          .
[2,]                          .                          .
[3,]                          .                          .
[4,]                          1                          .
[5,]                          .                          .
     E9.5_r2#AGATTCGGTTTCCGGG-1
[1,]                          .
[2,]                          .
[3,]                          .
[4,]                          .
[5,]                          .


2024-03-27 13:59:13.677604 : Organizing SE PeakMatrix from ArrowFile : E9.5_r2.arrow, 0.49 mins elapsed.
metadata(0):
assays(1): PeakMatrix
rownames: NULL
rowData names(1): idx
colnames(4769): E9.5_r1#TATGTTCTCCTGTGGG-1 E9.5_r1#AGCGATTAGATCCGAG-1
  ... E9.5_r1#GTGACATCATAGGCGA-1 E9.5_r1#GGTGCTGGTCGCTAGC-1
colData names(31): BlacklistRatio DoubletEnrichment ...
  predictedGroup_un_E95 predictedScore_un_E95

2024-03-27 13:59:13.687662 : Completed PeakMatrix : E9.5_r1(2 of 2), 0.501 mins elapsed.

2024-03-27 13:59:14.808114 : se E9.5_r2, Class = RangedSummarizedExperiment
class: RangedSummarizedExperiment 
dim: 225847 7298 
metadata(0):
assays(1): PeakMatrix
rownames: NULL
rowData names(1): idx
colnames(7298): E9.5_r2#CCCTAGTGTCCCTAAA-1 E9.5_r2#CCAGAATGTTTCAGCA-1
  ... E9.5_r2#GTCCATCCAAATGTCC-1 E9.5_r2#GCCCAGACACCTACCT-1
colData names(31): BlacklistRatio DoubletEnrichment ...
  predictedGroup_un_E95 predictedScore_un_E95

2024-03-27 13:59:14.830517 : Completed PeakMatrix : E9.5_r2(1 of 2), 0.52 mins elapsed.
2024-03-27 13:59:17.014766 : Organizing colData, 0.556 mins elapsed.
2024-03-27 13:59:17.142827 : Organizing rowData, 0.559 mins elapsed.
2024-03-27 13:59:17.158303 : Organizing rowRanges, 0.559 mins elapsed.
2024-03-27 13:59:17.166044 : Organizing Assays (1 of 1), 0.559 mins elapsed.
2024-03-27 13:59:17.671906 : Constructing SummarizedExperiment, 0.567 mins elapsed.
2024-03-27 13:59:25.384481 : Finished Matrix Creation, 0.696 mins elapsed.
