
           ___      .______        ______  __    __  .______      
          /   \     |   _  \      /      ||  |  |  | |   _  \     
         /  ^  \    |  |_)  |    |  ,----'|  |__|  | |  |_)  |    
        /  /_\  \   |      /     |  |     |   __   | |      /     
       /  _____  \  |  |\  \\___ |  `----.|  |  |  | |  |\  \\___.
      /__/     \__\ | _| `._____| \______||__|  |__| | _| `._____|
    
Logging With ArchR!

Start Time : 2024-02-20 23:00:35.567924

------- ArchR Info

ArchRThreads = 20

------- System Info

Computer OS = unix
Total Cores = 40

------- Session Info

R version 4.3.1 (2023-06-16)
Platform: x86_64-pc-linux-gnu (64-bit)
Running under: Rocky Linux 8.7 (Green Obsidian)

Matrix products: default
BLAS/LAPACK: /sfs/applications/202312/software/standard/compiler/gcc/11.4.0/openblas/0.3.21/lib/libopenblas_sandybridgep-r0.3.21.so;  LAPACK version 3.9.0

Random number generation:
 RNG:     L'Ecuyer-CMRG 
 Normal:  Inversion 
 Sample:  Rejection 
 
locale:
 [1] LC_CTYPE=en_US.UTF-8       LC_NUMERIC=C              
 [3] LC_TIME=en_US.UTF-8        LC_COLLATE=en_US.UTF-8    
 [5] LC_MONETARY=en_US.UTF-8    LC_MESSAGES=en_US.UTF-8   
 [7] LC_PAPER=en_US.UTF-8       LC_NAME=C                 
 [9] LC_ADDRESS=C               LC_TELEPHONE=C            
[11] LC_MEASUREMENT=en_US.UTF-8 LC_IDENTIFICATION=C       

time zone: America/New_York
tzcode source: system (glibc)

attached base packages:
[1] stats4    grid      stats     graphics  grDevices utils     datasets 
[8] methods   base     

other attached packages:
 [1] rhdf5_2.46.1                SummarizedExperiment_1.32.0
 [3] Biobase_2.62.0              MatrixGenerics_1.14.0      
 [5] Rcpp_1.0.12                 Matrix_1.6-4               
 [7] GenomicRanges_1.54.1        GenomeInfoDb_1.38.5        
 [9] IRanges_2.36.0              S4Vectors_0.40.2           
[11] BiocGenerics_0.48.1         matrixStats_1.2.0          
[13] data.table_1.14.10          stringr_1.5.1              
[15] plyr_1.8.9                  magrittr_2.0.3             
[17] ggplot2_3.4.4               gtable_0.3.4               
[19] gtools_3.9.5                gridExtra_2.3              
[21] ArchR_1.0.2                 Seurat_5.0.1               
[23] SeuratObject_5.0.1          sp_2.1-1                   
[25] BARTsc_0.0.0.9000           testthat_3.2.0             
[27] devtools_2.4.5              usethis_2.2.2              

loaded via a namespace (and not attached):
  [1] RColorBrewer_1.1-3      ggdendro_0.1.23         rstudioapi_0.15.0      
  [4] jsonlite_1.8.8          spatstat.utils_3.0-4    zlibbioc_1.48.0        
  [7] fs_1.6.3                vctrs_0.6.5             ROCR_1.0-11            
 [10] Cairo_1.6-2             memoise_2.0.1           spatstat.explore_3.2-5 
 [13] RCurl_1.98-1.14         S4Arrays_1.2.0          htmltools_0.5.7        
 [16] Rhdf5lib_1.24.1         SparseArray_1.2.3       sctransform_0.4.1      
 [19] parallelly_1.36.0       KernSmooth_2.23-22      htmlwidgets_1.6.4      
 [22] desc_1.4.3              ica_1.0-3               plotly_4.10.3          
 [25] zoo_1.8-12              cachem_1.0.8            igraph_1.6.0           
 [28] mime_0.12               lifecycle_1.0.4         pkgconfig_2.0.3        
 [31] R6_2.5.1                fastmap_1.1.1           GenomeInfoDbData_1.2.11
 [34] RobustRankAggreg_1.2.1  fitdistrplus_1.1-11     future_1.33.1          
 [37] shiny_1.8.0             digest_0.6.33           colorspace_2.1-0       
 [40] patchwork_1.2.0         rprojroot_2.0.4         tensor_1.5             
 [43] RSpectra_0.16-1         irlba_2.3.5.1           pkgload_1.3.3          
 [46] progressr_0.14.0        fansi_1.0.6             spatstat.sparse_3.0-3  
 [49] httr_1.4.7              polyclip_1.10-6         abind_1.4-5            
 [52] mgcv_1.9-0              compiler_4.3.1          remotes_2.4.2.1        
 [55] withr_2.5.2             fastDummies_1.7.3       pkgbuild_1.4.3         
 [58] MASS_7.3-60             gratia_0.8.2            DelayedArray_0.28.0    
 [61] rappdirs_0.3.3          sessioninfo_1.2.2       tools_4.3.1            
 [64] lmtest_0.9-40           httpuv_1.6.13           future.apply_1.11.1    
 [67] goftest_1.2-3           glue_1.6.2              rhdf5filters_1.14.1    
 [70] nlme_3.1-163            promises_1.2.1          Rtsne_0.17             
 [73] cluster_2.1.6           reshape2_1.4.4          generics_0.1.3         
 [76] spatstat.data_3.0-3     tidyr_1.3.0             XVector_0.42.0         
 [79] utf8_1.2.4              spatstat.geom_3.2-7     RcppAnnoy_0.0.21       
 [82] ggrepel_0.9.4           RANN_2.6.1              pillar_1.9.0           
 [85] spam_2.10-0             RcppHNSW_0.5.0          later_1.3.2            
 [88] splines_4.3.1           dplyr_1.1.4             lattice_0.22-5         
 [91] survival_3.5-7          deldir_1.0-9            tidyselect_1.2.0       
 [94] miniUI_0.1.1.1          pbapply_1.7-2           scattermore_1.2        
 [97] brio_1.1.3              stringi_1.8.3           lazyeval_0.2.2         
[100] codetools_0.2-19        tibble_3.2.1            cli_3.6.2              
[103] uwot_0.1.16             xtable_1.8-4            reticulate_1.34.0      
[106] munsell_0.5.0           globals_0.16.2          spatstat.random_3.2-2  
[109] png_0.1-8               parallel_4.3.1          ellipsis_0.3.2         
[112] dotCall64_1.1-0         mvnfast_0.2.8           profvis_0.3.8          
[115] urlchecker_1.0.1        bitops_1.0-7            listenv_0.9.0          
[118] viridisLite_0.4.2       scales_1.3.0            ggridges_0.5.5         
[121] crayon_1.5.2            leiden_0.4.3.1          purrr_1.0.2            
[124] combinat_0.0-8          rlang_1.1.2             cowplot_1.1.2          


------- Log Info


2024-02-20 23:00:35.673187 : getMatrixFromProject Input-Parameters, Class = list

getMatrixFromProject Input-Parameters$ArchRProj: length = 1

getMatrixFromProject Input-Parameters$useMatrix: length = 1
[1] "PeakMatrix"


getMatrixFromProject Input-Parameters$useSeqnames: length = 0
NULL


getMatrixFromProject Input-Parameters$verbose: length = 1
[1] TRUE


getMatrixFromProject Input-Parameters$binarize: length = 1
[1] FALSE


getMatrixFromProject Input-Parameters$threads: length = 1
[1] 20


getMatrixFromProject Input-Parameters$logFile: length = 1
[1] "ArchRLogs/ArchR-getMatrixFromProject-ce2aebd62e1f-Date-2024-02-20_Time-23-00-35.528471.log"


2024-02-20 23:00:36.292397 : Reading PeakMatrix : pbmc_sorted_3k(1 of 1), 0.013 mins elapsed.

2024-02-20 23:00:36.304641 : getMatrixFromArrow Input-Parameters, Class = list

getMatrixFromArrow Input-Parameters$ArrowFile: length = 1
                                                                                                                 pbmc_sorted_3k 
"/sfs/weka/scratch/hz9fq/BARTsc_project/ArchR_workspace/pbmc_sorted_3k_multiome/pbmc_sorted_3k/ArrowFiles/pbmc_sorted_3k.arrow" 


getMatrixFromArrow Input-Parameters$useMatrix: length = 1
[1] "PeakMatrix"


getMatrixFromArrow Input-Parameters$useSeqnames: length = 0
NULL


getMatrixFromArrow Input-Parameters$cellNames: length = 2553
[1] "pbmc_sorted_3k#TGTGGCCAGCGAGTAA-1" "pbmc_sorted_3k#TAAGGCTTCAGGGCCT-1"
[3] "pbmc_sorted_3k#CATAACGGTTGCAATG-1" "pbmc_sorted_3k#AAGTGTTGTGAGACTC-1"
[5] "pbmc_sorted_3k#GGCTAGTGTACGCGCA-1" "pbmc_sorted_3k#ACGAATCTCGGGCCAT-1"


getMatrixFromArrow Input-Parameters$ArchRProj: length = 1

getMatrixFromArrow Input-Parameters$verbose: length = 1
[1] FALSE


getMatrixFromArrow Input-Parameters$binarize: length = 1
[1] FALSE


getMatrixFromArrow Input-Parameters$logFile: length = 1
[1] "ArchRLogs/ArchR-getMatrixFromProject-ce2aebd62e1f-Date-2024-02-20_Time-23-00-35.528471.log"



2024-02-20 23:00:36.427207 : featureDF pbmc_sorted_3k, Class = DFrame
DataFrame with 91027 rows and 4 columns
      seqnames     idx     start       end
         <Rle> <array>   <array>   <array>
1         chr1       1    817083    817583
2         chr1       2    827298    827798
3         chr1       3    865606    866106
4         chr1       4    869657    870157
5         chr1       5    904511    905011
...        ...     ...       ...       ...
91023     chrX    2092 155612119 155612619
91024     chrX    2093 155612705 155613205
91025     chrX    2094 155632359 155632859
91026     chrX    2095 155881044 155881544
91027     chrX    2096 155881598 155882098

2024-02-20 23:00:36.460776 : Getting PeakMatrix from ArrowFile : pbmc_sorted_3k.arrow, 0.003 mins elapsed.

2024-02-20 23:00:42.734014 : mat pbmc_sorted_3k, Class = dgCMatrix
mat pbmc_sorted_3k: nRows = 91027, nCols = 2553
mat pbmc_sorted_3k: NonZeroEntries = 18924878, EntryRange = [ 1 , 4 ]
5 x 5 sparse Matrix of class "dgCMatrix"
     pbmc_sorted_3k#TGTGGCCAGCGAGTAA-1 pbmc_sorted_3k#TAAGGCTTCAGGGCCT-1
[1,]                                 .                                 .
[2,]                                 4                                 2
[3,]                                 .                                 .
[4,]                                 1                                 4
[5,]                                 4                                 .
     pbmc_sorted_3k#CATAACGGTTGCAATG-1 pbmc_sorted_3k#AAGTGTTGTGAGACTC-1
[1,]                                 .                                 .
[2,]                                 .                                 .
[3,]                                 .                                 .
[4,]                                 .                                 .
[5,]                                 .                                 .
     pbmc_sorted_3k#GGCTAGTGTACGCGCA-1
[1,]                                 .
[2,]                                 2
[3,]                                 .
[4,]                                 4
[5,]                                 .


2024-02-20 23:00:42.902626 : Organizing SE PeakMatrix from ArrowFile : pbmc_sorted_3k.arrow, 0.11 mins elapsed.

2024-02-20 23:00:43.151802 : se pbmc_sorted_3k, Class = RangedSummarizedExperiment
class: RangedSummarizedExperiment 
dim: 91027 2553 
metadata(0):
assays(1): PeakMatrix
rownames: NULL
rowData names(1): idx
colnames(2553): pbmc_sorted_3k#TGTGGCCAGCGAGTAA-1
  pbmc_sorted_3k#TAAGGCTTCAGGGCCT-1 ...
  pbmc_sorted_3k#GGGATAATCCAGGTCA-1 pbmc_sorted_3k#CCAGCTGCACCAACCG-1
colData names(20): BlacklistRatio DoubletEnrichment ... FRIP
  cell_type_lv1

2024-02-20 23:00:43.159858 : Completed PeakMatrix : pbmc_sorted_3k(1 of 1), 0.127 mins elapsed.
2024-02-20 23:00:43.160892 : Organizing colData, 0.127 mins elapsed.
2024-02-20 23:00:43.162142 : Organizing rowData, 0.127 mins elapsed.
2024-02-20 23:00:43.164873 : Organizing rowRanges, 0.127 mins elapsed.
2024-02-20 23:00:43.171486 : Organizing Assays (1 of 1), 0.127 mins elapsed.
2024-02-20 23:00:43.176171 : Constructing SummarizedExperiment, 0.127 mins elapsed.
2024-02-20 23:00:44.634226 : Finished Matrix Creation, 0.152 mins elapsed.
