
           ___      .______        ______  __    __  .______      
          /   \     |   _  \      /      ||  |  |  | |   _  \     
         /  ^  \    |  |_)  |    |  ,----'|  |__|  | |  |_)  |    
        /  /_\  \   |      /     |  |     |   __   | |      /     
       /  _____  \  |  |\  \\___ |  `----.|  |  |  | |  |\  \\___.
      /__/     \__\ | _| `._____| \______||__|  |__| | _| `._____|
    
Logging With ArchR!

Start Time : 2024-04-17 12:11:49.412649

------- ArchR Info

ArchRThreads = 20

------- System Info

Computer OS = unix
Total Cores = 40

------- Session Info

R version 4.3.1 (2023-06-16)
Platform: x86_64-pc-linux-gnu (64-bit)
Running under: Rocky Linux 8.7 (Green Obsidian)

Matrix products: default
BLAS/LAPACK: /sfs/applications/202312/software/standard/compiler/gcc/11.4.0/openblas/0.3.21/lib/libopenblas_sandybridgep-r0.3.21.so;  LAPACK version 3.9.0

Random number generation:
 RNG:     L'Ecuyer-CMRG 
 Normal:  Inversion 
 Sample:  Rejection 
 
locale:
 [1] LC_CTYPE=en_US.UTF-8       LC_NUMERIC=C              
 [3] LC_TIME=en_US.UTF-8        LC_COLLATE=en_US.UTF-8    
 [5] LC_MONETARY=en_US.UTF-8    LC_MESSAGES=en_US.UTF-8   
 [7] LC_PAPER=en_US.UTF-8       LC_NAME=C                 
 [9] LC_ADDRESS=C               LC_TELEPHONE=C            
[11] LC_MEASUREMENT=en_US.UTF-8 LC_IDENTIFICATION=C       

time zone: America/New_York
tzcode source: system (glibc)

attached base packages:
[1] stats4    grid      stats     graphics  grDevices utils     datasets 
[8] methods   base     

other attached packages:
 [1] rhdf5_2.46.1                SummarizedExperiment_1.32.0
 [3] Biobase_2.62.0              MatrixGenerics_1.14.0      
 [5] Rcpp_1.0.12                 Matrix_1.6-4               
 [7] GenomicRanges_1.54.1        GenomeInfoDb_1.38.5        
 [9] IRanges_2.36.0              S4Vectors_0.40.2           
[11] BiocGenerics_0.48.1         matrixStats_1.2.0          
[13] data.table_1.14.10          stringr_1.5.1              
[15] plyr_1.8.9                  magrittr_2.0.3             
[17] ggplot2_3.5.0               gtable_0.3.4               
[19] gtools_3.9.5                gridExtra_2.3              
[21] ArchR_1.0.2                 Seurat_5.0.1               
[23] SeuratObject_5.0.1          sp_2.1-1                   
[25] BARTsc_0.0.0.9000           testthat_3.2.0             
[27] devtools_2.4.5              usethis_2.2.2              

loaded via a namespace (and not attached):
  [1] RcppAnnoy_0.0.21        splines_4.3.1           later_1.3.2            
  [4] bitops_1.0-7            tibble_3.2.1            polyclip_1.10-6        
  [7] fastDummies_1.7.3       lifecycle_1.0.4         rprojroot_2.0.4        
 [10] globals_0.16.2          lattice_0.22-5          MASS_7.3-60            
 [13] plotly_4.10.3           remotes_2.4.2.1         httpuv_1.6.13          
 [16] sctransform_0.4.1       spam_2.10-0             sessioninfo_1.2.2      
 [19] pkgbuild_1.4.3          spatstat.sparse_3.0-3   reticulate_1.34.0      
 [22] cowplot_1.1.2           pbapply_1.7-2           RColorBrewer_1.1-3     
 [25] abind_1.4-5             pkgload_1.3.3           zlibbioc_1.48.0        
 [28] Rtsne_0.17              purrr_1.0.2             RCurl_1.98-1.14        
 [31] rappdirs_0.3.3          GenomeInfoDbData_1.2.11 ggrepel_0.9.4          
 [34] irlba_2.3.5.1           listenv_0.9.0           spatstat.utils_3.0-4   
 [37] goftest_1.2-3           RSpectra_0.16-1         spatstat.random_3.2-2  
 [40] fitdistrplus_1.1-11     parallelly_1.36.0       leiden_0.4.3.1         
 [43] codetools_0.2-19        DelayedArray_0.28.0     tidyselect_1.2.0       
 [46] spatstat.explore_3.2-5  jsonlite_1.8.8          ellipsis_0.3.2         
 [49] progressr_0.14.0        ggridges_0.5.5          survival_3.5-7         
 [52] RobustRankAggreg_1.2.1  tools_4.3.1             ica_1.0-3              
 [55] glue_1.6.2              SparseArray_1.2.3       mgcv_1.9-0             
 [58] mvnfast_0.2.8           dplyr_1.1.4             withr_2.5.2            
 [61] combinat_0.0-8          fastmap_1.1.1           rhdf5filters_1.14.1    
 [64] fansi_1.0.6             digest_0.6.33           R6_2.5.1               
 [67] mime_0.12               colorspace_2.1-0        scattermore_1.2        
 [70] Cairo_1.6-2             tensor_1.5              spatstat.data_3.0-3    
 [73] utf8_1.2.4              tidyr_1.3.0             generics_0.1.3         
 [76] httr_1.4.7              htmlwidgets_1.6.4       S4Arrays_1.2.0         
 [79] uwot_0.1.16             pkgconfig_2.0.3         lmtest_0.9-40          
 [82] XVector_0.42.0          brio_1.1.3              htmltools_0.5.7        
 [85] profvis_0.3.8           dotCall64_1.1-0         scales_1.3.0           
 [88] png_0.1-8               ggdendro_0.1.23         rstudioapi_0.15.0      
 [91] reshape2_1.4.4          nlme_3.1-163            cachem_1.0.8           
 [94] zoo_1.8-12              KernSmooth_2.23-22      parallel_4.3.1         
 [97] miniUI_0.1.1.1          desc_1.4.3              pillar_1.9.0           
[100] vctrs_0.6.5             RANN_2.6.1              urlchecker_1.0.1       
[103] promises_1.2.1          gratia_0.8.2            xtable_1.8-4           
[106] cluster_2.1.6           cli_3.6.2               compiler_4.3.1         
[109] rlang_1.1.2             crayon_1.5.2            future.apply_1.11.1    
[112] fs_1.6.3                stringi_1.8.3           viridisLite_0.4.2      
[115] deldir_1.0-9            munsell_0.5.0           lazyeval_0.2.2         
[118] spatstat.geom_3.2-7     RcppHNSW_0.5.0          patchwork_1.2.0        
[121] future_1.33.1           Rhdf5lib_1.24.1         shiny_1.8.0            
[124] ROCR_1.0-11             igraph_2.0.2            memoise_2.0.1          


------- Log Info


2024-04-17 12:11:49.54308 : getMatrixFromProject Input-Parameters, Class = list

getMatrixFromProject Input-Parameters$ArchRProj: length = 1

getMatrixFromProject Input-Parameters$useMatrix: length = 1
[1] "PeakMatrix"


getMatrixFromProject Input-Parameters$useSeqnames: length = 0
NULL


getMatrixFromProject Input-Parameters$verbose: length = 1
[1] TRUE


getMatrixFromProject Input-Parameters$binarize: length = 1
[1] FALSE


getMatrixFromProject Input-Parameters$threads: length = 1
[1] 20


getMatrixFromProject Input-Parameters$logFile: length = 1
[1] "ArchRLogs/ArchR-getMatrixFromProject-1723b4c98b233-Date-2024-04-17_Time-12-11-49.325903.log"


2024-04-17 12:11:54.605788 : Reading PeakMatrix : pbmc_sorted_3k(1 of 1), 0.088 mins elapsed.

2024-04-17 12:11:54.624566 : getMatrixFromArrow Input-Parameters, Class = list

getMatrixFromArrow Input-Parameters$ArrowFile: length = 1
                                                                                                                                        pbmc_sorted_3k 
"/sfs/gpfs/tardis/project/zanglab_project/hz9fq/BARTsc_project/ArchR_workspace/pbmc_sorted_3k_multiome/pbmc_sorted_3k/ArrowFiles/pbmc_sorted_3k.arrow" 


getMatrixFromArrow Input-Parameters$useMatrix: length = 1
[1] "PeakMatrix"


getMatrixFromArrow Input-Parameters$useSeqnames: length = 0
NULL


getMatrixFromArrow Input-Parameters$cellNames: length = 2553
[1] "pbmc_sorted_3k#TGTGGCCAGCGAGTAA-1" "pbmc_sorted_3k#TAAGGCTTCAGGGCCT-1"
[3] "pbmc_sorted_3k#CATAACGGTTGCAATG-1" "pbmc_sorted_3k#AAGTGTTGTGAGACTC-1"
[5] "pbmc_sorted_3k#GGCTAGTGTACGCGCA-1" "pbmc_sorted_3k#ACGAATCTCGGGCCAT-1"


getMatrixFromArrow Input-Parameters$ArchRProj: length = 1

getMatrixFromArrow Input-Parameters$verbose: length = 1
[1] FALSE


getMatrixFromArrow Input-Parameters$binarize: length = 1
[1] FALSE


getMatrixFromArrow Input-Parameters$logFile: length = 1
[1] "ArchRLogs/ArchR-getMatrixFromProject-1723b4c98b233-Date-2024-04-17_Time-12-11-49.325903.log"



2024-04-17 12:11:54.757015 : featureDF pbmc_sorted_3k, Class = DFrame
DataFrame with 103647 rows and 4 columns
       seqnames     idx     start       end
          <Rle> <array>   <array>   <array>
1          chr1       1    817080    817580
2          chr1       2    827270    827770
3          chr1       3    844431    844931
4          chr1       4    857905    858405
5          chr1       5    865527    866027
...         ...     ...       ...       ...
103643     chrX    2374 155242291 155242791
103644     chrX    2375 155264224 155264724
103645     chrX    2376 155612695 155613195
103646     chrX    2377 155881046 155881546
103647     chrX    2378 155891366 155891866

2024-04-17 12:11:54.793223 : Getting PeakMatrix from ArrowFile : pbmc_sorted_3k.arrow, 0.003 mins elapsed.

2024-04-17 12:12:00.914125 : mat pbmc_sorted_3k, Class = dgCMatrix
mat pbmc_sorted_3k: nRows = 103647, nCols = 2553
mat pbmc_sorted_3k: NonZeroEntries = 19690444, EntryRange = [ 1 , 4 ]
5 x 5 sparse Matrix of class "dgCMatrix"
     pbmc_sorted_3k#TGTGGCCAGCGAGTAA-1 pbmc_sorted_3k#TAAGGCTTCAGGGCCT-1
[1,]                                 .                                 .
[2,]                                 4                                 2
[3,]                                 .                                 .
[4,]                                 .                                 .
[5,]                                 .                                 .
     pbmc_sorted_3k#CATAACGGTTGCAATG-1 pbmc_sorted_3k#AAGTGTTGTGAGACTC-1
[1,]                                 .                                 .
[2,]                                 .                                 .
[3,]                                 .                                 .
[4,]                                 .                                 .
[5,]                                 .                                 .
     pbmc_sorted_3k#GGCTAGTGTACGCGCA-1
[1,]                                 .
[2,]                                 2
[3,]                                 .
[4,]                                 .
[5,]                                 .


2024-04-17 12:12:01.093668 : Organizing SE PeakMatrix from ArrowFile : pbmc_sorted_3k.arrow, 0.108 mins elapsed.

2024-04-17 12:12:01.365695 : se pbmc_sorted_3k, Class = RangedSummarizedExperiment
class: RangedSummarizedExperiment 
dim: 103647 2553 
metadata(0):
assays(1): PeakMatrix
rownames: NULL
rowData names(1): idx
colnames(2553): pbmc_sorted_3k#TGTGGCCAGCGAGTAA-1
  pbmc_sorted_3k#TAAGGCTTCAGGGCCT-1 ...
  pbmc_sorted_3k#GGGATAATCCAGGTCA-1 pbmc_sorted_3k#CCAGCTGCACCAACCG-1
colData names(20): BlacklistRatio DoubletEnrichment ... FRIP
  cell_type_lv1

2024-04-17 12:12:01.372709 : Completed PeakMatrix : pbmc_sorted_3k(1 of 1), 0.201 mins elapsed.
2024-04-17 12:12:01.373703 : Organizing colData, 0.201 mins elapsed.
2024-04-17 12:12:01.374826 : Organizing rowData, 0.201 mins elapsed.
2024-04-17 12:12:01.377249 : Organizing rowRanges, 0.201 mins elapsed.
2024-04-17 12:12:01.383287 : Organizing Assays (1 of 1), 0.201 mins elapsed.
2024-04-17 12:12:01.387601 : Constructing SummarizedExperiment, 0.201 mins elapsed.
2024-04-17 12:12:02.936023 : Finished Matrix Creation, 0.227 mins elapsed.
