
           ___      .______        ______  __    __  .______      
          /   \     |   _  \      /      ||  |  |  | |   _  \     
         /  ^  \    |  |_)  |    |  ,----'|  |__|  | |  |_)  |    
        /  /_\  \   |      /     |  |     |   __   | |      /     
       /  _____  \  |  |\  \\___ |  `----.|  |  |  | |  |\  \\___.
      /__/     \__\ | _| `._____| \______||__|  |__| | _| `._____|
    
Logging With ArchR!

Start Time : 2023-10-08 20:56:50

------- ArchR Info

ArchRThreads = 20

------- System Info

Computer OS = unix
Total Cores = 40

------- Session Info

R version 4.1.1 (2021-08-10)
Platform: x86_64-pc-linux-gnu (64-bit)
Running under: CentOS Linux 7 (Core)

Matrix products: default
BLAS/LAPACK: /sfs/applications/202307/software/standard/compiler/gcc/7.1.0/openblas/0.2.19/lib/libopenblas-r0.2.19.so

Random number generation:
 RNG:     L'Ecuyer-CMRG 
 Normal:  Inversion 
 Sample:  Rejection 
 
locale:
 [1] LC_CTYPE=en_US.UTF-8       LC_NUMERIC=C              
 [3] LC_TIME=en_US.UTF-8        LC_COLLATE=en_US.UTF-8    
 [5] LC_MONETARY=en_US.UTF-8    LC_MESSAGES=en_US.UTF-8   
 [7] LC_PAPER=en_US.UTF-8       LC_NAME=C                 
 [9] LC_ADDRESS=C               LC_TELEPHONE=C            
[11] LC_MEASUREMENT=en_US.UTF-8 LC_IDENTIFICATION=C       

attached base packages:
[1] stats4    grid      stats     graphics  grDevices utils     datasets 
[8] methods   base     

other attached packages:
 [1] rhdf5_2.38.0                SummarizedExperiment_1.24.0
 [3] Biobase_2.54.0              MatrixGenerics_1.6.0       
 [5] Rcpp_1.0.8                  Matrix_1.5-4               
 [7] GenomicRanges_1.46.1        GenomeInfoDb_1.30.1        
 [9] IRanges_2.28.0              S4Vectors_0.32.3           
[11] BiocGenerics_0.40.0         matrixStats_0.61.0         
[13] data.table_1.14.2           stringr_1.4.0              
[15] plyr_1.8.6                  magrittr_2.0.2             
[17] ggplot2_3.4.3               gtable_0.3.0               
[19] gtools_3.9.2                gridExtra_2.3              
[21] ArchR_1.0.2                 BARTsc_0.0.0.9000          
[23] testthat_3.1.6              devtools_2.4.5             
[25] usethis_2.1.6              

loaded via a namespace (and not attached):
  [1] igraph_1.2.11          lazyeval_0.2.2         sp_1.6-0              
  [4] splines_4.1.1          listenv_0.8.0          scattermore_0.8       
  [7] digest_0.6.29          htmltools_0.5.2        fansi_1.0.2           
 [10] memoise_2.0.1          tensor_1.5             gert_1.5.0            
 [13] cluster_2.1.2          ROCR_1.0-11            remotes_2.4.2         
 [16] credentials_1.3.2      globals_0.14.0         askpass_1.1           
 [19] spatstat.sparse_3.0-1  prettyunits_1.1.1      colorspace_2.0-3      
 [22] rappdirs_0.3.3         ggrepel_0.9.1          dplyr_1.0.8           
 [25] RCurl_1.98-1.6         callr_3.7.3            crayon_1.5.0          
 [28] jsonlite_1.8.0         progressr_0.10.1       spatstat.data_3.0-1   
 [31] survival_3.3-1         zoo_1.8-9              glue_1.6.2            
 [34] polyclip_1.10-0        zlibbioc_1.40.0        XVector_0.34.0        
 [37] leiden_0.3.9           DelayedArray_0.20.0    pkgbuild_1.3.1        
 [40] Rhdf5lib_1.16.0        future.apply_1.8.1     abind_1.4-5           
 [43] scales_1.2.1           DBI_1.1.2              spatstat.random_3.1-4 
 [46] miniUI_0.1.1.1         viridisLite_0.4.0      xtable_1.8-4          
 [49] reticulate_1.28        profvis_0.3.7          htmlwidgets_1.5.4     
 [52] httr_1.4.2             RColorBrewer_1.1-2     ellipsis_0.3.2        
 [55] Seurat_4.3.0           ica_1.0-2              urlchecker_1.0.1      
 [58] pkgconfig_2.0.3        uwot_0.1.14            deldir_1.0-6          
 [61] utf8_1.1.4             here_1.0.1             tidyselect_1.2.0      
 [64] rlang_1.1.1            reshape2_1.4.4         later_1.3.0           
 [67] munsell_0.5.0          tools_4.1.1            cachem_1.0.6          
 [70] cli_3.4.1              generics_0.1.2         ggridges_0.5.3        
 [73] fastmap_1.1.0          goftest_1.2-3          sys_3.4               
 [76] processx_3.8.0         fs_1.5.2               fitdistrplus_1.1-6    
 [79] purrr_0.3.4            RANN_2.6.1             pbapply_1.5-0         
 [82] future_1.24.0          nlme_3.1-155           mime_0.12             
 [85] brio_1.1.3             compiler_4.1.1         rstudioapi_0.13       
 [88] plotly_4.10.0          png_0.1-7              spatstat.utils_3.0-2  
 [91] tibble_3.1.6           stringi_1.7.6          ps_1.6.0              
 [94] desc_1.4.1             lattice_0.20-45        vctrs_0.5.1           
 [97] rhdf5filters_1.6.0     pillar_1.7.0           lifecycle_1.0.3       
[100] spatstat.geom_3.1-0    lmtest_0.9-39          RcppAnnoy_0.0.19      
[103] bitops_1.0-7           cowplot_1.1.1          irlba_2.3.5           
[106] httpuv_1.6.5           patchwork_1.1.1        R6_2.5.1              
[109] promises_1.2.0.1       KernSmooth_2.23-20     parallelly_1.30.0     
[112] sessioninfo_1.2.2      codetools_0.2-18       MASS_7.3-55           
[115] assertthat_0.2.1       pkgload_1.3.2          openssl_2.0.0         
[118] rprojroot_2.0.2        withr_2.5.0            SeuratObject_4.1.3    
[121] sctransform_0.3.5      GenomeInfoDbData_1.2.7 parallel_4.1.1        
[124] tidyr_1.2.0            RobustRankAggreg_1.2.1 Rtsne_0.15            
[127] spatstat.explore_3.1-0 shiny_1.7.1           


------- Log Info


2023-10-08 20:56:51 : getMatrixFromProject Input-Parameters, Class = list

getMatrixFromProject Input-Parameters$ArchRProj: length = 1

getMatrixFromProject Input-Parameters$useMatrix: length = 1
[1] "PeakMatrix"


getMatrixFromProject Input-Parameters$useSeqnames: length = 0
NULL


getMatrixFromProject Input-Parameters$verbose: length = 1
[1] TRUE


getMatrixFromProject Input-Parameters$binarize: length = 1
[1] FALSE


getMatrixFromProject Input-Parameters$threads: length = 1
[1] 20


getMatrixFromProject Input-Parameters$logFile: length = 1
[1] "ArchRLogs/ArchR-getMatrixFromProject-462b5398f270f-Date-2023-10-08_Time-20-56-50.log"


2023-10-08 20:56:52 : Reading PeakMatrix : pbmc_sorted_3k(1 of 1), 0.021 mins elapsed.

2023-10-08 20:56:52 : getMatrixFromArrow Input-Parameters, Class = list

getMatrixFromArrow Input-Parameters$ArrowFile: length = 1
                                                                                                                 pbmc_sorted_3k 
"/sfs/weka/scratch/hz9fq/BARTsc_project/ArchR_workspace/pbmc_sorted_3k_multiome/pbmc_sorted_3k/ArrowFiles/pbmc_sorted_3k.arrow" 


getMatrixFromArrow Input-Parameters$useMatrix: length = 1
[1] "PeakMatrix"


getMatrixFromArrow Input-Parameters$useSeqnames: length = 0
NULL


getMatrixFromArrow Input-Parameters$cellNames: length = 2553
[1] "pbmc_sorted_3k#TGTGGCCAGCGAGTAA-1" "pbmc_sorted_3k#TAAGGCTTCAGGGCCT-1"
[3] "pbmc_sorted_3k#CATAACGGTTGCAATG-1" "pbmc_sorted_3k#AAGTGTTGTGAGACTC-1"
[5] "pbmc_sorted_3k#GGCTAGTGTACGCGCA-1" "pbmc_sorted_3k#ACGAATCTCGGGCCAT-1"


getMatrixFromArrow Input-Parameters$ArchRProj: length = 1

getMatrixFromArrow Input-Parameters$verbose: length = 1
[1] FALSE


getMatrixFromArrow Input-Parameters$binarize: length = 1
[1] FALSE


getMatrixFromArrow Input-Parameters$logFile: length = 1
[1] "ArchRLogs/ArchR-getMatrixFromProject-462b5398f270f-Date-2023-10-08_Time-20-56-50.log"



2023-10-08 20:56:52 : featureDF pbmc_sorted_3k, Class = DFrame
DataFrame with 91027 rows and 4 columns
      seqnames     idx     start       end
         <Rle> <array>   <array>   <array>
1         chr1       1    817083    817583
2         chr1       2    827298    827798
3         chr1       3    865606    866106
4         chr1       4    869657    870157
5         chr1       5    904511    905011
...        ...     ...       ...       ...
91023     chrX    2092 155612119 155612619
91024     chrX    2093 155612705 155613205
91025     chrX    2094 155632359 155632859
91026     chrX    2095 155881044 155881544
91027     chrX    2096 155881598 155882098

2023-10-08 20:56:52 : Getting PeakMatrix from ArrowFile : pbmc_sorted_3k.arrow, 0.004 mins elapsed.

2023-10-08 20:57:04 : mat pbmc_sorted_3k, Class = dgCMatrix
mat pbmc_sorted_3k: nRows = 91027, nCols = 2553
mat pbmc_sorted_3k: NonZeroEntries = 18924878, EntryRange = [ 1 , 4 ]
5 x 5 sparse Matrix of class "dgCMatrix"
     pbmc_sorted_3k#TGTGGCCAGCGAGTAA-1 pbmc_sorted_3k#TAAGGCTTCAGGGCCT-1
[1,]                                 .                                 .
[2,]                                 4                                 2
[3,]                                 .                                 .
[4,]                                 1                                 4
[5,]                                 4                                 .
     pbmc_sorted_3k#CATAACGGTTGCAATG-1 pbmc_sorted_3k#AAGTGTTGTGAGACTC-1
[1,]                                 .                                 .
[2,]                                 .                                 .
[3,]                                 .                                 .
[4,]                                 .                                 .
[5,]                                 .                                 .
     pbmc_sorted_3k#GGCTAGTGTACGCGCA-1
[1,]                                 .
[2,]                                 2
[3,]                                 .
[4,]                                 4
[5,]                                 .


2023-10-08 20:57:04 : Organizing SE PeakMatrix from ArrowFile : pbmc_sorted_3k.arrow, 0.212 mins elapsed.

2023-10-08 20:57:05 : se pbmc_sorted_3k, Class = RangedSummarizedExperiment
class: RangedSummarizedExperiment 
dim: 91027 2553 
metadata(0):
assays(1): PeakMatrix
rownames: NULL
rowData names(1): idx
colnames(2553): pbmc_sorted_3k#TGTGGCCAGCGAGTAA-1
  pbmc_sorted_3k#TAAGGCTTCAGGGCCT-1 ...
  pbmc_sorted_3k#GGGATAATCCAGGTCA-1 pbmc_sorted_3k#CCAGCTGCACCAACCG-1
colData names(20): BlacklistRatio DoubletEnrichment ... FRIP
  cell_type_lv1

2023-10-08 20:57:05 : Completed PeakMatrix : pbmc_sorted_3k(1 of 1), 0.239 mins elapsed.
2023-10-08 20:57:05 : Organizing colData, 0.239 mins elapsed.
2023-10-08 20:57:05 : Organizing rowData, 0.239 mins elapsed.
2023-10-08 20:57:05 : Organizing rowRanges, 0.239 mins elapsed.
2023-10-08 20:57:05 : Organizing Assays (1 of 1), 0.239 mins elapsed.
2023-10-08 20:57:05 : Constructing SummarizedExperiment, 0.239 mins elapsed.
2023-10-08 20:57:07 : Finished Matrix Creation, 0.278 mins elapsed.
