
           ___      .______        ______  __    __  .______      
          /   \     |   _  \      /      ||  |  |  | |   _  \     
         /  ^  \    |  |_)  |    |  ,----'|  |__|  | |  |_)  |    
        /  /_\  \   |      /     |  |     |   __   | |      /     
       /  _____  \  |  |\  \\___ |  `----.|  |  |  | |  |\  \\___.
      /__/     \__\ | _| `._____| \______||__|  |__| | _| `._____|
    
Logging With ArchR!

Start Time : 2024-03-10 23:21:14.479073

------- ArchR Info

ArchRThreads = 20

------- System Info

Computer OS = unix
Total Cores = 40

------- Session Info

R version 4.3.1 (2023-06-16)
Platform: x86_64-pc-linux-gnu (64-bit)
Running under: Rocky Linux 8.7 (Green Obsidian)

Matrix products: default
BLAS/LAPACK: /sfs/applications/202312/software/standard/compiler/gcc/11.4.0/openblas/0.3.21/lib/libopenblas_sandybridgep-r0.3.21.so;  LAPACK version 3.9.0

Random number generation:
 RNG:     L'Ecuyer-CMRG 
 Normal:  Inversion 
 Sample:  Rejection 
 
locale:
 [1] LC_CTYPE=en_US.UTF-8       LC_NUMERIC=C              
 [3] LC_TIME=en_US.UTF-8        LC_COLLATE=en_US.UTF-8    
 [5] LC_MONETARY=en_US.UTF-8    LC_MESSAGES=en_US.UTF-8   
 [7] LC_PAPER=en_US.UTF-8       LC_NAME=C                 
 [9] LC_ADDRESS=C               LC_TELEPHONE=C            
[11] LC_MEASUREMENT=en_US.UTF-8 LC_IDENTIFICATION=C       

time zone: America/New_York
tzcode source: system (glibc)

attached base packages:
[1] stats4    grid      stats     graphics  grDevices utils     datasets 
[8] methods   base     

other attached packages:
 [1] rhdf5_2.46.1                SummarizedExperiment_1.32.0
 [3] Biobase_2.62.0              MatrixGenerics_1.14.0      
 [5] Rcpp_1.0.12                 Matrix_1.6-4               
 [7] GenomicRanges_1.54.1        GenomeInfoDb_1.38.5        
 [9] IRanges_2.36.0              S4Vectors_0.40.2           
[11] BiocGenerics_0.48.1         matrixStats_1.2.0          
[13] data.table_1.14.10          stringr_1.5.1              
[15] plyr_1.8.9                  magrittr_2.0.3             
[17] ggplot2_3.5.0               gtable_0.3.4               
[19] gtools_3.9.5                gridExtra_2.3              
[21] ArchR_1.0.2                 BARTsc_0.0.0.9000          
[23] testthat_3.2.0              devtools_2.4.5             
[25] usethis_2.2.2              

loaded via a namespace (and not attached):
  [1] RColorBrewer_1.1-3      ggdendro_0.1.23         rstudioapi_0.15.0      
  [4] jsonlite_1.8.8          spatstat.utils_3.0-4    zlibbioc_1.48.0        
  [7] fs_1.6.3                vctrs_0.6.5             ROCR_1.0-11            
 [10] Cairo_1.6-2             memoise_2.0.1           spatstat.explore_3.2-5 
 [13] RCurl_1.98-1.14         S4Arrays_1.2.0          htmltools_0.5.7        
 [16] Rhdf5lib_1.24.1         SparseArray_1.2.3       sctransform_0.4.1      
 [19] parallelly_1.36.0       KernSmooth_2.23-22      htmlwidgets_1.6.4      
 [22] desc_1.4.3              ica_1.0-3               plotly_4.10.3          
 [25] zoo_1.8-12              cachem_1.0.8            igraph_2.0.2           
 [28] mime_0.12               lifecycle_1.0.4         pkgconfig_2.0.3        
 [31] R6_2.5.1                fastmap_1.1.1           GenomeInfoDbData_1.2.11
 [34] RobustRankAggreg_1.2.1  fitdistrplus_1.1-11     future_1.33.1          
 [37] shiny_1.8.0             digest_0.6.33           colorspace_2.1-0       
 [40] patchwork_1.2.0         rprojroot_2.0.4         Seurat_5.0.1           
 [43] tensor_1.5              RSpectra_0.16-1         irlba_2.3.5.1          
 [46] pkgload_1.3.3           progressr_0.14.0        fansi_1.0.6            
 [49] spatstat.sparse_3.0-3   httr_1.4.7              polyclip_1.10-6        
 [52] abind_1.4-5             mgcv_1.9-0              compiler_4.3.1         
 [55] remotes_2.4.2.1         withr_2.5.2             fastDummies_1.7.3      
 [58] pkgbuild_1.4.3          MASS_7.3-60             gratia_0.8.2           
 [61] DelayedArray_0.28.0     rappdirs_0.3.3          sessioninfo_1.2.2      
 [64] tools_4.3.1             lmtest_0.9-40           httpuv_1.6.13          
 [67] future.apply_1.11.1     goftest_1.2-3           glue_1.6.2             
 [70] rhdf5filters_1.14.1     nlme_3.1-163            promises_1.2.1         
 [73] Rtsne_0.17              cluster_2.1.6           reshape2_1.4.4         
 [76] generics_0.1.3          spatstat.data_3.0-3     tidyr_1.3.0            
 [79] XVector_0.42.0          sp_2.1-1                utf8_1.2.4             
 [82] spatstat.geom_3.2-7     RcppAnnoy_0.0.21        ggrepel_0.9.4          
 [85] RANN_2.6.1              pillar_1.9.0            spam_2.10-0            
 [88] RcppHNSW_0.5.0          later_1.3.2             splines_4.3.1          
 [91] dplyr_1.1.4             lattice_0.22-5          survival_3.5-7         
 [94] deldir_1.0-9            tidyselect_1.2.0        miniUI_0.1.1.1         
 [97] pbapply_1.7-2           scattermore_1.2         brio_1.1.3             
[100] stringi_1.8.3           lazyeval_0.2.2          codetools_0.2-19       
[103] tibble_3.2.1            cli_3.6.2               uwot_0.1.16            
[106] xtable_1.8-4            reticulate_1.34.0       munsell_0.5.0          
[109] globals_0.16.2          spatstat.random_3.2-2   png_0.1-8              
[112] parallel_4.3.1          ellipsis_0.3.2          dotCall64_1.1-0        
[115] mvnfast_0.2.8           profvis_0.3.8           urlchecker_1.0.1       
[118] bitops_1.0-7            listenv_0.9.0           viridisLite_0.4.2      
[121] scales_1.3.0            ggridges_0.5.5          crayon_1.5.2           
[124] SeuratObject_5.0.1      leiden_0.4.3.1          purrr_1.0.2            
[127] combinat_0.0-8          rlang_1.1.2             cowplot_1.1.2          


------- Log Info


2024-03-10 23:21:14.610556 : getMatrixFromProject Input-Parameters, Class = list

getMatrixFromProject Input-Parameters$ArchRProj: length = 1

getMatrixFromProject Input-Parameters$useMatrix: length = 1
[1] "PeakMatrix"


getMatrixFromProject Input-Parameters$useSeqnames: length = 0
NULL


getMatrixFromProject Input-Parameters$verbose: length = 1
[1] TRUE


getMatrixFromProject Input-Parameters$binarize: length = 1
[1] FALSE


getMatrixFromProject Input-Parameters$threads: length = 1
[1] 20


getMatrixFromProject Input-Parameters$logFile: length = 1
[1] "ArchRLogs/ArchR-getMatrixFromProject-2329127292d99-Date-2024-03-10_Time-23-21-14.441382.log"


2024-03-10 23:21:19.392685 : Reading PeakMatrix : WT(1 of 4), 0.083 mins elapsed.
2024-03-10 23:21:19.472575 : Reading PeakMatrix : Tle34KO(2 of 4), 0.084 mins elapsed.
2024-03-10 23:21:19.586504 : Reading PeakMatrix : Runx1KO(3 of 4), 0.086 mins elapsed.

2024-03-10 23:21:19.605609 : getMatrixFromArrow Input-Parameters, Class = list

getMatrixFromArrow Input-Parameters$ArrowFile: length = 1
                                                                                                                            WT 
"/sfs/gpfs/tardis/project/zanglab_project/hz9fq/BARTsc_project/ArchR_workspace/DN1_scATAC/ArchR/SaveDN1_4/ArrowFiles/WT.arrow" 


getMatrixFromArrow Input-Parameters$useMatrix: length = 1
[1] "PeakMatrix"


getMatrixFromArrow Input-Parameters$useSeqnames: length = 0
NULL


getMatrixFromArrow Input-Parameters$cellNames: length = 6554
[1] "WT#AACAAAGCAACACGGA-1" "WT#GCTTGCTTCTCGGCGA-1" "WT#CTGCGTTCACTGAAGG-1"
[4] "WT#CCCTCTCCAGATAAGT-1" "WT#TTGCGGGTCAACACGT-1" "WT#TTTGGTTCAGGTCCTG-1"


getMatrixFromArrow Input-Parameters$ArchRProj: length = 1

getMatrixFromArrow Input-Parameters$verbose: length = 1
[1] FALSE


getMatrixFromArrow Input-Parameters$binarize: length = 1
[1] FALSE


getMatrixFromArrow Input-Parameters$logFile: length = 1
[1] "ArchRLogs/ArchR-getMatrixFromProject-2329127292d99-Date-2024-03-10_Time-23-21-14.441382.log"



2024-03-10 23:21:19.622393 : getMatrixFromArrow Input-Parameters, Class = list

getMatrixFromArrow Input-Parameters$ArrowFile: length = 1
                                                                                                                            Tle34KO 
"/sfs/gpfs/tardis/project/zanglab_project/hz9fq/BARTsc_project/ArchR_workspace/DN1_scATAC/ArchR/SaveDN1_4/ArrowFiles/Tle34KO.arrow" 


getMatrixFromArrow Input-Parameters$useMatrix: length = 1
[1] "PeakMatrix"


getMatrixFromArrow Input-Parameters$useSeqnames: length = 0
NULL


getMatrixFromArrow Input-Parameters$cellNames: length = 6324
[1] "Tle34KO#TGTGGCGTCACTGATG-1" "Tle34KO#CAGTATGAGAGCTGTG-1"
[3] "Tle34KO#GGTGCTGGTAGTCTGT-1" "Tle34KO#AGTCCGGAGACGCCAA-1"
[5] "Tle34KO#GCACCTTCACACTAGT-1" "Tle34KO#CTAACTTTCCTATCCG-1"


getMatrixFromArrow Input-Parameters$ArchRProj: length = 1

getMatrixFromArrow Input-Parameters$verbose: length = 1
[1] FALSE


getMatrixFromArrow Input-Parameters$binarize: length = 1
[1] FALSE


getMatrixFromArrow Input-Parameters$logFile: length = 1
[1] "ArchRLogs/ArchR-getMatrixFromProject-2329127292d99-Date-2024-03-10_Time-23-21-14.441382.log"



2024-03-10 23:21:19.71369 : getMatrixFromArrow Input-Parameters, Class = list

getMatrixFromArrow Input-Parameters$ArrowFile: length = 1
                                                                                                                            Runx1KO 
"/sfs/gpfs/tardis/project/zanglab_project/hz9fq/BARTsc_project/ArchR_workspace/DN1_scATAC/ArchR/SaveDN1_4/ArrowFiles/Runx1KO.arrow" 


getMatrixFromArrow Input-Parameters$useMatrix: length = 1
[1] "PeakMatrix"


getMatrixFromArrow Input-Parameters$useSeqnames: length = 0
NULL


getMatrixFromArrow Input-Parameters$cellNames: length = 3669
[1] "Runx1KO#TAATCGGTCAGCCGAC-1" "Runx1KO#GAAGTGGTCAGGTCTA-1"
[3] "Runx1KO#CACTAAGTCTTTGCAT-1" "Runx1KO#AAACTCGAGATCTCAC-1"
[5] "Runx1KO#TCTATTGGTGTCGTGC-1" "Runx1KO#TCGCAGGAGTCCAGAG-1"


getMatrixFromArrow Input-Parameters$ArchRProj: length = 1

getMatrixFromArrow Input-Parameters$verbose: length = 1
[1] FALSE


getMatrixFromArrow Input-Parameters$binarize: length = 1
[1] FALSE


getMatrixFromArrow Input-Parameters$logFile: length = 1
[1] "ArchRLogs/ArchR-getMatrixFromProject-2329127292d99-Date-2024-03-10_Time-23-21-14.441382.log"


2024-03-10 23:21:19.746032 : Reading PeakMatrix : Tcf1Lef1dKO(4 of 4), 0.088 mins elapsed.

2024-03-10 23:21:19.776332 : getMatrixFromArrow Input-Parameters, Class = list

getMatrixFromArrow Input-Parameters$ArrowFile: length = 1
                                                                                                                            Tcf1Lef1dKO 
"/sfs/gpfs/tardis/project/zanglab_project/hz9fq/BARTsc_project/ArchR_workspace/DN1_scATAC/ArchR/SaveDN1_4/ArrowFiles/Tcf1Lef1dKO.arrow" 


getMatrixFromArrow Input-Parameters$useMatrix: length = 1
[1] "PeakMatrix"


getMatrixFromArrow Input-Parameters$useSeqnames: length = 0
NULL


getMatrixFromArrow Input-Parameters$cellNames: length = 2218
[1] "Tcf1Lef1dKO#CATGCCTGTCCATTGA-1" "Tcf1Lef1dKO#GGTGTCGGTTTGTCTT-1"
[3] "Tcf1Lef1dKO#GATTGACCAGTGCTCG-1" "Tcf1Lef1dKO#GCAACCGTCCAGGCCA-1"
[5] "Tcf1Lef1dKO#TAATTCCAGTTACACC-1" "Tcf1Lef1dKO#ACGTGGCCAATTCGTG-1"


getMatrixFromArrow Input-Parameters$ArchRProj: length = 1

getMatrixFromArrow Input-Parameters$verbose: length = 1
[1] FALSE


getMatrixFromArrow Input-Parameters$binarize: length = 1
[1] FALSE


getMatrixFromArrow Input-Parameters$logFile: length = 1
[1] "ArchRLogs/ArchR-getMatrixFromProject-2329127292d99-Date-2024-03-10_Time-23-21-14.441382.log"



2024-03-10 23:21:20.273791 : featureDF Tcf1Lef1dKO, Class = DFrame
DataFrame with 116815 rows and 4 columns
       seqnames     idx    start      end
          <Rle> <array>  <array>  <array>
1          chr1       1  3410965  3411240
2          chr1       2  3445850  3446229
3          chr1       3  3647687  3648272
4          chr1       4  3670622  3671782
5          chr1       5  3672149  3672690
...         ...     ...      ...      ...
116811     chrY      22 90807472 90807822
116812     chrY      23 90808455 90808927
116813     chrY      24 90811249 90811863
116814     chrY      25 90812395 90813027
116815     chrY      26 90828493 90829363

2024-03-10 23:21:20.332265 : Getting PeakMatrix from ArrowFile : Tcf1Lef1dKO.arrow, 0.009 mins elapsed.

2024-03-10 23:21:20.903668 : featureDF Runx1KO, Class = DFrame

2024-03-10 23:21:20.911611 : featureDF Tle34KO, Class = DFrame
DataFrame with 116815 rows and 4 columns
DataFrame with 116815 rows and 4 columns
       seqnames     idx    start      end
          <Rle> <array>  <array>  <array>
1          chr1       1  3410965  3411240
2          chr1       2  3445850  3446229
3          chr1       3  3647687  3648272
4          chr1       4  3670622  3671782
5          chr1       5  3672149  3672690
...         ...     ...      ...      ...
116811     chrY      22 90807472 90807822
116812     chrY      23 90808455 90808927
116813     chrY      24 90811249 90811863
116814     chrY      25 90812395 90813027
116815     chrY      26 90828493 90829363

       seqnames     idx    start      end
          <Rle> <array>  <array>  <array>
1          chr1       1  3410965  3411240
2          chr1       2  3445850  3446229
3          chr1       3  3647687  3648272
4          chr1       4  3670622  3671782
5          chr1       5  3672149  3672690
...         ...     ...      ...      ...
116811     chrY      22 90807472 90807822
116812     chrY      23 90808455 90808927
116813     chrY      24 90811249 90811863
116814     chrY      25 90812395 90813027
116815     chrY      26 90828493 90829363

2024-03-10 23:21:21.075836 : Getting PeakMatrix from ArrowFile : Tle34KO.arrow, 0.024 mins elapsed.
2024-03-10 23:21:21.08673 : Getting PeakMatrix from ArrowFile : Runx1KO.arrow, 0.023 mins elapsed.

2024-03-10 23:21:23.652118 : featureDF WT, Class = DFrame
DataFrame with 116815 rows and 4 columns
       seqnames     idx    start      end
          <Rle> <array>  <array>  <array>
1          chr1       1  3410965  3411240
2          chr1       2  3445850  3446229
3          chr1       3  3647687  3648272
4          chr1       4  3670622  3671782
5          chr1       5  3672149  3672690
...         ...     ...      ...      ...
116811     chrY      22 90807472 90807822
116812     chrY      23 90808455 90808927
116813     chrY      24 90811249 90811863
116814     chrY      25 90812395 90813027
116815     chrY      26 90828493 90829363

2024-03-10 23:21:23.907671 : Getting PeakMatrix from ArrowFile : WT.arrow, 0.072 mins elapsed.

2024-03-10 23:22:02.786865 : mat Tcf1Lef1dKO, Class = dgCMatrix
mat Tcf1Lef1dKO: nRows = 116815, nCols = 2218
mat Tcf1Lef1dKO: NonZeroEntries = 33010123, EntryRange = [ 1 , 4 ]
5 x 5 sparse Matrix of class "dgCMatrix"
     Tcf1Lef1dKO#CATGCCTGTCCATTGA-1 Tcf1Lef1dKO#GGTGTCGGTTTGTCTT-1
[1,]                              .                              .
[2,]                              .                              .
[3,]                              .                              .
[4,]                              .                              .
[5,]                              .                              .
     Tcf1Lef1dKO#GATTGACCAGTGCTCG-1 Tcf1Lef1dKO#GCAACCGTCCAGGCCA-1
[1,]                              .                              .
[2,]                              .                              .
[3,]                              .                              .
[4,]                              .                              .
[5,]                              .                              .
     Tcf1Lef1dKO#TAATTCCAGTTACACC-1
[1,]                              .
[2,]                              .
[3,]                              .
[4,]                              .
[5,]                              .


2024-03-10 23:22:04.397073 : Organizing SE PeakMatrix from ArrowFile : Tcf1Lef1dKO.arrow, 0.744 mins elapsed.

2024-03-10 23:22:07.525053 : se Tcf1Lef1dKO, Class = RangedSummarizedExperiment
class: RangedSummarizedExperiment 
dim: 116815 2218 
metadata(0):
assays(1): PeakMatrix
rownames: NULL
rowData names(1): idx
colnames(2218): Tcf1Lef1dKO#CATGCCTGTCCATTGA-1
  Tcf1Lef1dKO#GGTGTCGGTTTGTCTT-1 ... Tcf1Lef1dKO#TAATCGGGTTGAATAG-1
  Tcf1Lef1dKO#CTCACCACACTTACAG-1
colData names(22): BlacklistRatio DoubletEnrichment ... ReadsInPeaks
  FRIP

2024-03-10 23:22:07.55339 : Completed PeakMatrix : Tcf1Lef1dKO(4 of 4), 0.885 mins elapsed.

2024-03-10 23:22:27.367223 : mat Runx1KO, Class = dgCMatrix
mat Runx1KO: nRows = 116815, nCols = 3669
mat Runx1KO: NonZeroEntries = 50725588, EntryRange = [ 1 , 4 ]
5 x 5 sparse Matrix of class "dgCMatrix"
     Runx1KO#TAATCGGTCAGCCGAC-1 Runx1KO#GAAGTGGTCAGGTCTA-1
[1,]                          .                          .
[2,]                          .                          .
[3,]                          .                          .
[4,]                          .                          .
[5,]                          .                          .
     Runx1KO#CACTAAGTCTTTGCAT-1 Runx1KO#AAACTCGAGATCTCAC-1
[1,]                          .                          .
[2,]                          .                          .
[3,]                          .                          .
[4,]                          .                          .
[5,]                          .                          .
     Runx1KO#TCTATTGGTGTCGTGC-1
[1,]                          .
[2,]                          .
[3,]                          .
[4,]                          .
[5,]                          .


2024-03-10 23:22:29.184299 : Organizing SE PeakMatrix from ArrowFile : Runx1KO.arrow, 1.158 mins elapsed.

2024-03-10 23:22:32.344975 : se Runx1KO, Class = RangedSummarizedExperiment
class: RangedSummarizedExperiment 
dim: 116815 3669 
metadata(0):
assays(1): PeakMatrix
rownames: NULL
rowData names(1): idx
colnames(3669): Runx1KO#TAATCGGTCAGCCGAC-1 Runx1KO#GAAGTGGTCAGGTCTA-1
  ... Runx1KO#GGAGTAGCAATGTGTC-1 Runx1KO#CGATGATAGAGGAATG-1
colData names(22): BlacklistRatio DoubletEnrichment ... ReadsInPeaks
  FRIP

2024-03-10 23:22:32.374635 : Completed PeakMatrix : Runx1KO(3 of 4), 1.299 mins elapsed.

2024-03-10 23:22:54.815588 : mat Tle34KO, Class = dgCMatrix
mat Tle34KO: nRows = 116815, nCols = 6324
mat Tle34KO: NonZeroEntries = 81496859, EntryRange = [ 1 , 4 ]
5 x 5 sparse Matrix of class "dgCMatrix"
     Tle34KO#TGTGGCGTCACTGATG-1 Tle34KO#CAGTATGAGAGCTGTG-1
[1,]                          .                          .
[2,]                          .                          .
[3,]                          .                          .
[4,]                          .                          .
[5,]                          .                          .
     Tle34KO#GGTGCTGGTAGTCTGT-1 Tle34KO#AGTCCGGAGACGCCAA-1
[1,]                          .                          .
[2,]                          .                          .
[3,]                          .                          .
[4,]                          .                          .
[5,]                          .                          .
     Tle34KO#GCACCTTCACACTAGT-1
[1,]                          .
[2,]                          .
[3,]                          .
[4,]                          .
[5,]                          .


2024-03-10 23:22:56.649064 : Organizing SE PeakMatrix from ArrowFile : Tle34KO.arrow, 1.617 mins elapsed.

2024-03-10 23:22:58.38967 : mat WT, Class = dgCMatrix
mat WT: nRows = 116815, nCols = 6554
mat WT: NonZeroEntries = 86753916, EntryRange = [ 1 , 4 ]
5 x 5 sparse Matrix of class "dgCMatrix"
     WT#AACAAAGCAACACGGA-1 WT#GCTTGCTTCTCGGCGA-1 WT#CTGCGTTCACTGAAGG-1
[1,]                     .                     .                     .
[2,]                     2                     .                     .
[3,]                     .                     .                     .
[4,]                     .                     .                     2
[5,]                     .                     .                     .
     WT#CCCTCTCCAGATAAGT-1 WT#TTGCGGGTCAACACGT-1
[1,]                     .                     .
[2,]                     .                     .
[3,]                     .                     .
[4,]                     .                     .
[5,]                     .                     .


2024-03-10 23:23:00.630205 : Organizing SE PeakMatrix from ArrowFile : WT.arrow, 1.684 mins elapsed.

2024-03-10 23:23:00.728394 : se Tle34KO, Class = RangedSummarizedExperiment
class: RangedSummarizedExperiment 
dim: 116815 6324 
metadata(0):
assays(1): PeakMatrix
rownames: NULL
rowData names(1): idx
colnames(6324): Tle34KO#TGTGGCGTCACTGATG-1 Tle34KO#CAGTATGAGAGCTGTG-1
  ... Tle34KO#ACTGCGGTCGAGAACG-1 Tle34KO#GTTATGGCAAGACACG-1
colData names(22): BlacklistRatio DoubletEnrichment ... ReadsInPeaks
  FRIP

2024-03-10 23:23:00.737245 : Completed PeakMatrix : Tle34KO(2 of 4), 1.772 mins elapsed.

2024-03-10 23:23:03.840195 : se WT, Class = RangedSummarizedExperiment
class: RangedSummarizedExperiment 
dim: 116815 6554 
metadata(0):
assays(1): PeakMatrix
rownames: NULL
rowData names(1): idx
colnames(6554): WT#AACAAAGCAACACGGA-1 WT#GCTTGCTTCTCGGCGA-1 ...
  WT#GCGATCGCACACGGTC-1 WT#TTGACGACACACATTG-1
colData names(22): BlacklistRatio DoubletEnrichment ... ReadsInPeaks
  FRIP

2024-03-10 23:23:03.853117 : Completed PeakMatrix : WT(1 of 4), 1.824 mins elapsed.
2024-03-10 23:23:10.030697 : Organizing colData, 1.926 mins elapsed.
2024-03-10 23:23:10.45317 : Organizing rowData, 1.934 mins elapsed.
2024-03-10 23:23:10.461953 : Organizing rowRanges, 1.934 mins elapsed.
2024-03-10 23:23:10.474318 : Organizing Assays (1 of 1), 1.934 mins elapsed.
2024-03-10 23:23:16.465935 : Constructing SummarizedExperiment, 2.034 mins elapsed.
2024-03-10 23:23:55.396051 : Finished Matrix Creation, 2.683 mins elapsed.
